Compiled jquery.js  (33ms)  (pid 40255)
Compiled jquery_ujs.js  (2ms)  (pid 40255)
Compiled accounts.js  (724ms)  (pid 40255)
Compiled tabs.js  (387ms)  (pid 40255)
Compiled templates.js  (330ms)  (pid 40255)
Compiled wizard.js  (368ms)  (pid 40255)
Compiled application.js  (1956ms)  (pid 40255)
Compiled accounts.css  (47ms)  (pid 40255)
Compiled scaffolds.css  (27ms)  (pid 40255)
Compiled tabs.css  (3ms)  (pid 40255)
Compiled templates.css  (2ms)  (pid 40255)
Compiled wizard.css  (4ms)  (pid 40255)
Compiled application.css  (167ms)  (pid 40255)
Compiled jquery.js  (33ms)  (pid 40255)
Compiled jquery_ujs.js  (0ms)  (pid 40255)
Compiled accounts.js  (349ms)  (pid 40255)
Compiled tabs.js  (367ms)  (pid 40255)
Compiled templates.js  (324ms)  (pid 40255)
Compiled wizard.js  (320ms)  (pid 40255)
Compiled application.js  (1495ms)  (pid 40255)
Compiled accounts.css  (15ms)  (pid 40255)
Compiled scaffolds.css  (25ms)  (pid 40255)
Compiled tabs.css  (2ms)  (pid 40255)
Compiled templates.css  (2ms)  (pid 40255)
Compiled wizard.css  (5ms)  (pid 40255)
Compiled application.css  (122ms)  (pid 40255)
Compiled jquery.js  (4ms)  (pid 41437)
Compiled jquery_ujs.js  (1ms)  (pid 41437)
Compiled accounts.js  (857ms)  (pid 41437)
Compiled admins.js  (332ms)  (pid 41437)
Compiled tabs.js  (360ms)  (pid 41437)
Compiled templates.js  (534ms)  (pid 41437)
Compiled wizard.js  (334ms)  (pid 41437)
Compiled bootstrap-transition.js  (0ms)  (pid 41437)
Compiled bootstrap-affix.js  (0ms)  (pid 41437)
Compiled bootstrap-alert.js  (1ms)  (pid 41437)
Compiled bootstrap-button.js  (0ms)  (pid 41437)
Compiled bootstrap-carousel.js  (0ms)  (pid 41437)
Compiled bootstrap-collapse.js  (0ms)  (pid 41437)
Compiled bootstrap-dropdown.js  (0ms)  (pid 41437)
Compiled bootstrap-modal.js  (0ms)  (pid 41437)
Compiled bootstrap-scrollspy.js  (0ms)  (pid 41437)
Compiled bootstrap-tab.js  (1ms)  (pid 41437)
Compiled bootstrap-tooltip.js  (1ms)  (pid 41437)
Compiled bootstrap-popover.js  (0ms)  (pid 41437)
Compiled bootstrap-typeahead.js  (0ms)  (pid 41437)
Compiled bootstrap.js  (271ms)  (pid 41437)
Compiled application.js  (2938ms)  (pid 41437)
Compiled application.css  (3837ms)  (pid 41437)
Compiled jquery.js  (4ms)  (pid 41437)
Compiled jquery_ujs.js  (0ms)  (pid 41437)
Compiled accounts.js  (392ms)  (pid 41437)
Compiled admins.js  (320ms)  (pid 41437)
Compiled tabs.js  (319ms)  (pid 41437)
Compiled templates.js  (324ms)  (pid 41437)
Compiled wizard.js  (686ms)  (pid 41437)
Compiled bootstrap-transition.js  (0ms)  (pid 41437)
Compiled bootstrap-affix.js  (0ms)  (pid 41437)
Compiled bootstrap-alert.js  (0ms)  (pid 41437)
Compiled bootstrap-button.js  (1ms)  (pid 41437)
Compiled bootstrap-carousel.js  (0ms)  (pid 41437)
Compiled bootstrap-collapse.js  (3ms)  (pid 41437)
Compiled bootstrap-dropdown.js  (0ms)  (pid 41437)
Compiled bootstrap-modal.js  (0ms)  (pid 41437)
Compiled bootstrap-scrollspy.js  (0ms)  (pid 41437)
Compiled bootstrap-tab.js  (0ms)  (pid 41437)
Compiled bootstrap-tooltip.js  (0ms)  (pid 41437)
Compiled bootstrap-popover.js  (0ms)  (pid 41437)
Compiled bootstrap-typeahead.js  (0ms)  (pid 41437)
Compiled bootstrap.js  (272ms)  (pid 41437)
Compiled application.js  (2449ms)  (pid 41437)
Compiled application.css  (3550ms)  (pid 41437)
Compiled jquery.js  (4ms)  (pid 41849)
Compiled jquery_ujs.js  (0ms)  (pid 41849)
Compiled accounts.js  (1101ms)  (pid 41849)
Compiled admins.js  (379ms)  (pid 41849)
Compiled templates.js  (335ms)  (pid 41849)
Compiled wizard.js  (334ms)  (pid 41849)
Compiled bootstrap-transition.js  (0ms)  (pid 41849)
Compiled bootstrap-affix.js  (0ms)  (pid 41849)
Compiled bootstrap-alert.js  (0ms)  (pid 41849)
Compiled bootstrap-button.js  (1ms)  (pid 41849)
Compiled bootstrap-carousel.js  (1ms)  (pid 41849)
Compiled bootstrap-collapse.js  (1ms)  (pid 41849)
Compiled bootstrap-dropdown.js  (3ms)  (pid 41849)
Compiled bootstrap-modal.js  (0ms)  (pid 41849)
Compiled bootstrap-scrollspy.js  (0ms)  (pid 41849)
Compiled bootstrap-tab.js  (0ms)  (pid 41849)
Compiled bootstrap-tooltip.js  (1ms)  (pid 41849)
Compiled bootstrap-popover.js  (1ms)  (pid 41849)
Compiled bootstrap-typeahead.js  (16ms)  (pid 41849)
Compiled bootstrap.js  (427ms)  (pid 41849)
Compiled application.js  (2903ms)  (pid 41849)
Compiled application.css  (4751ms)  (pid 41849)
Compiled jquery.js  (4ms)  (pid 41849)
Compiled jquery_ujs.js  (0ms)  (pid 41849)
Compiled accounts.js  (548ms)  (pid 41849)
Compiled admins.js  (487ms)  (pid 41849)
Compiled templates.js  (339ms)  (pid 41849)
Compiled wizard.js  (341ms)  (pid 41849)
Compiled bootstrap-transition.js  (0ms)  (pid 41849)
Compiled bootstrap-affix.js  (0ms)  (pid 41849)
Compiled bootstrap-alert.js  (0ms)  (pid 41849)
Compiled bootstrap-button.js  (0ms)  (pid 41849)
Compiled bootstrap-carousel.js  (0ms)  (pid 41849)
Compiled bootstrap-collapse.js  (0ms)  (pid 41849)
Compiled bootstrap-dropdown.js  (0ms)  (pid 41849)
Compiled bootstrap-modal.js  (0ms)  (pid 41849)
Compiled bootstrap-scrollspy.js  (0ms)  (pid 41849)
Compiled bootstrap-tab.js  (0ms)  (pid 41849)
Compiled bootstrap-tooltip.js  (0ms)  (pid 41849)
Compiled bootstrap-popover.js  (0ms)  (pid 41849)
Compiled bootstrap-typeahead.js  (0ms)  (pid 41849)
Compiled bootstrap.js  (281ms)  (pid 41849)
Compiled application.js  (2148ms)  (pid 41849)
Compiled application.css  (4444ms)  (pid 41849)
Compiled jquery.js  (4ms)  (pid 43860)
Compiled jquery_ujs.js  (0ms)  (pid 43860)
Compiled accounts.js  (542ms)  (pid 43860)
Compiled admins.js  (327ms)  (pid 43860)
Compiled templates.js  (323ms)  (pid 43860)
Compiled wizard.js  (326ms)  (pid 43860)
Compiled bootstrap-transition.js  (0ms)  (pid 43860)
Compiled bootstrap-affix.js  (0ms)  (pid 43860)
Compiled bootstrap-alert.js  (3ms)  (pid 43860)
Compiled bootstrap-button.js  (0ms)  (pid 43860)
Compiled bootstrap-carousel.js  (1ms)  (pid 43860)
Compiled bootstrap-collapse.js  (0ms)  (pid 43860)
Compiled bootstrap-dropdown.js  (0ms)  (pid 43860)
Compiled bootstrap-modal.js  (1ms)  (pid 43860)
Compiled bootstrap-scrollspy.js  (0ms)  (pid 43860)
Compiled bootstrap-tab.js  (0ms)  (pid 43860)
Compiled bootstrap-tooltip.js  (0ms)  (pid 43860)
Compiled bootstrap-popover.js  (0ms)  (pid 43860)
Compiled bootstrap-typeahead.js  (1ms)  (pid 43860)
Compiled bootstrap.js  (302ms)  (pid 43860)
Compiled application.js  (1997ms)  (pid 43860)
Compiled application.css  (3734ms)  (pid 43860)
Compiled jquery.js  (4ms)  (pid 43860)
Compiled jquery_ujs.js  (0ms)  (pid 43860)
Compiled accounts.js  (438ms)  (pid 43860)
Compiled admins.js  (417ms)  (pid 43860)
Compiled templates.js  (473ms)  (pid 43860)
Compiled wizard.js  (485ms)  (pid 43860)
Compiled bootstrap-transition.js  (0ms)  (pid 43860)
Compiled bootstrap-affix.js  (0ms)  (pid 43860)
Compiled bootstrap-alert.js  (0ms)  (pid 43860)
Compiled bootstrap-button.js  (2ms)  (pid 43860)
Compiled bootstrap-carousel.js  (0ms)  (pid 43860)
Compiled bootstrap-collapse.js  (0ms)  (pid 43860)
Compiled bootstrap-dropdown.js  (0ms)  (pid 43860)
Compiled bootstrap-modal.js  (0ms)  (pid 43860)
Compiled bootstrap-scrollspy.js  (0ms)  (pid 43860)
Compiled bootstrap-tab.js  (0ms)  (pid 43860)
Compiled bootstrap-tooltip.js  (0ms)  (pid 43860)
Compiled bootstrap-popover.js  (0ms)  (pid 43860)
Compiled bootstrap-typeahead.js  (0ms)  (pid 43860)
Compiled bootstrap.js  (349ms)  (pid 43860)
Compiled application.js  (2292ms)  (pid 43860)
Compiled application.css  (3739ms)  (pid 43860)
Compiled jquery.js  (4ms)  (pid 44175)
Compiled jquery_ujs.js  (0ms)  (pid 44175)
Compiled accounts.js  (2407ms)  (pid 44175)
Compiled admins.js  (450ms)  (pid 44175)
Compiled templates.js  (398ms)  (pid 44175)
Compiled wizard.js  (513ms)  (pid 44175)
Compiled bootstrap-transition.js  (0ms)  (pid 44175)
Compiled bootstrap-affix.js  (0ms)  (pid 44175)
Compiled bootstrap-alert.js  (0ms)  (pid 44175)
Compiled bootstrap-button.js  (1ms)  (pid 44175)
Compiled bootstrap-carousel.js  (0ms)  (pid 44175)
Compiled bootstrap-collapse.js  (0ms)  (pid 44175)
Compiled bootstrap-dropdown.js  (0ms)  (pid 44175)
Compiled bootstrap-modal.js  (0ms)  (pid 44175)
Compiled bootstrap-scrollspy.js  (0ms)  (pid 44175)
Compiled bootstrap-tab.js  (0ms)  (pid 44175)
Compiled bootstrap-tooltip.js  (0ms)  (pid 44175)
Compiled bootstrap-popover.js  (0ms)  (pid 44175)
Compiled bootstrap-typeahead.js  (0ms)  (pid 44175)
Compiled bootstrap.js  (257ms)  (pid 44175)
Compiled application.js  (4204ms)  (pid 44175)
Compiled application.css  (3966ms)  (pid 44175)
Compiled jquery.js  (4ms)  (pid 44175)
Compiled jquery_ujs.js  (0ms)  (pid 44175)
Compiled accounts.js  (439ms)  (pid 44175)
Compiled admins.js  (331ms)  (pid 44175)
Compiled templates.js  (337ms)  (pid 44175)
Compiled wizard.js  (322ms)  (pid 44175)
Compiled bootstrap-transition.js  (0ms)  (pid 44175)
Compiled bootstrap-affix.js  (0ms)  (pid 44175)
Compiled bootstrap-alert.js  (0ms)  (pid 44175)
Compiled bootstrap-button.js  (0ms)  (pid 44175)
Compiled bootstrap-carousel.js  (0ms)  (pid 44175)
Compiled bootstrap-collapse.js  (0ms)  (pid 44175)
Compiled bootstrap-dropdown.js  (0ms)  (pid 44175)
Compiled bootstrap-modal.js  (0ms)  (pid 44175)
Compiled bootstrap-scrollspy.js  (0ms)  (pid 44175)
Compiled bootstrap-tab.js  (0ms)  (pid 44175)
Compiled bootstrap-tooltip.js  (0ms)  (pid 44175)
Compiled bootstrap-popover.js  (0ms)  (pid 44175)
Compiled bootstrap-typeahead.js  (0ms)  (pid 44175)
Compiled bootstrap.js  (260ms)  (pid 44175)
Compiled application.js  (1802ms)  (pid 44175)
Compiled application.css  (3548ms)  (pid 44175)
Compiled jquery.js  (4ms)  (pid 45285)
Compiled jquery_ujs.js  (1ms)  (pid 45285)
Compiled accounts.js  (752ms)  (pid 45285)
Compiled admins.js  (340ms)  (pid 45285)
Compiled templates.js  (363ms)  (pid 45285)
Compiled wizard.js  (428ms)  (pid 45285)
Compiled bootstrap-transition.js  (0ms)  (pid 45285)
Compiled bootstrap-affix.js  (0ms)  (pid 45285)
Compiled bootstrap-alert.js  (0ms)  (pid 45285)
Compiled bootstrap-button.js  (1ms)  (pid 45285)
Compiled bootstrap-carousel.js  (3ms)  (pid 45285)
Compiled bootstrap-collapse.js  (1ms)  (pid 45285)
Compiled bootstrap-dropdown.js  (1ms)  (pid 45285)
Compiled bootstrap-modal.js  (1ms)  (pid 45285)
Compiled bootstrap-scrollspy.js  (0ms)  (pid 45285)
Compiled bootstrap-tab.js  (1ms)  (pid 45285)
Compiled bootstrap-tooltip.js  (0ms)  (pid 45285)
Compiled bootstrap-popover.js  (0ms)  (pid 45285)
Compiled bootstrap-typeahead.js  (1ms)  (pid 45285)
Compiled bootstrap.js  (277ms)  (pid 45285)
Compiled application.js  (2338ms)  (pid 45285)
Compiled application.css  (3796ms)  (pid 45285)
Compiled jquery.js  (4ms)  (pid 45285)
Compiled jquery_ujs.js  (0ms)  (pid 45285)
Compiled accounts.js  (444ms)  (pid 45285)
Compiled admins.js  (515ms)  (pid 45285)
Compiled templates.js  (364ms)  (pid 45285)
Compiled wizard.js  (326ms)  (pid 45285)
Compiled bootstrap-transition.js  (0ms)  (pid 45285)
Compiled bootstrap-affix.js  (1ms)  (pid 45285)
Compiled bootstrap-alert.js  (1ms)  (pid 45285)
Compiled bootstrap-button.js  (0ms)  (pid 45285)
Compiled bootstrap-carousel.js  (0ms)  (pid 45285)
Compiled bootstrap-collapse.js  (0ms)  (pid 45285)
Compiled bootstrap-dropdown.js  (0ms)  (pid 45285)
Compiled bootstrap-modal.js  (1ms)  (pid 45285)
Compiled bootstrap-scrollspy.js  (1ms)  (pid 45285)
Compiled bootstrap-tab.js  (0ms)  (pid 45285)
Compiled bootstrap-tooltip.js  (1ms)  (pid 45285)
Compiled bootstrap-popover.js  (0ms)  (pid 45285)
Compiled bootstrap-typeahead.js  (1ms)  (pid 45285)
Compiled bootstrap.js  (234ms)  (pid 45285)
Compiled application.js  (2045ms)  (pid 45285)
Compiled application.css  (3748ms)  (pid 45285)
Compiled jquery.js  (4ms)  (pid 54747)
Compiled jquery_ujs.js  (0ms)  (pid 54747)
Compiled accounts.js  (921ms)  (pid 54747)
Compiled admins.js  (339ms)  (pid 54747)
Compiled bootstrap.js  (414ms)  (pid 54747)
Compiled tabs.js  (549ms)  (pid 54747)
Compiled templates.js  (322ms)  (pid 54747)
Compiled wizard.js  (324ms)  (pid 54747)
Compiled application.js  (3077ms)  (pid 54747)
Compiled accounts.css  (60ms)  (pid 54747)
Compiled admins.css  (2ms)  (pid 54747)
Compiled application.css  (3970ms)  (pid 54747)
Compiled bootstrap_and_overrides.css  (1465ms)  (pid 54747)
Compiled scaffolds.css  (19ms)  (pid 54747)
Compiled tabs.css  (3ms)  (pid 54747)
Compiled templates.css  (2ms)  (pid 54747)
Compiled wizard.css  (12ms)  (pid 54747)
Compiled application.css  (5642ms)  (pid 54747)
Compiled jquery.js  (4ms)  (pid 54747)
Compiled jquery_ujs.js  (0ms)  (pid 54747)
Compiled accounts.js  (474ms)  (pid 54747)
Compiled admins.js  (497ms)  (pid 54747)
Compiled bootstrap.js  (332ms)  (pid 54747)
Compiled tabs.js  (355ms)  (pid 54747)
Compiled templates.js  (339ms)  (pid 54747)
Compiled wizard.js  (315ms)  (pid 54747)
Compiled application.js  (2538ms)  (pid 54747)
Compiled accounts.css  (18ms)  (pid 54747)
Compiled admins.css  (2ms)  (pid 54747)
Compiled application.css  (3646ms)  (pid 54747)
Compiled bootstrap_and_overrides.css  (1522ms)  (pid 54747)
Compiled scaffolds.css  (19ms)  (pid 54747)
Compiled tabs.css  (2ms)  (pid 54747)
Compiled templates.css  (2ms)  (pid 54747)
Compiled wizard.css  (13ms)  (pid 54747)
Compiled application.css  (5328ms)  (pid 54747)
Compiled jquery.js  (4ms)  (pid 55798)
Compiled jquery_ujs.js  (1ms)  (pid 55798)
Compiled accounts.js  (535ms)  (pid 55798)
Compiled admins.js  (320ms)  (pid 55798)
Compiled bootstrap.js  (425ms)  (pid 55798)
Compiled tabs.js  (429ms)  (pid 55798)
Compiled templates.js  (437ms)  (pid 55798)
Compiled wizard.js  (337ms)  (pid 55798)
Compiled application.js  (2676ms)  (pid 55798)
Compiled accounts.css  (16ms)  (pid 55798)
Compiled admins.css  (3ms)  (pid 55798)
Compiled application.css  (5131ms)  (pid 55798)
Compiled bootstrap_and_overrides.css  (1739ms)  (pid 55798)
Compiled scaffolds.css  (22ms)  (pid 55798)
Compiled tabs.css  (3ms)  (pid 55798)
Compiled templates.css  (3ms)  (pid 55798)
Compiled wizard.css  (21ms)  (pid 55798)
Compiled application.css  (7143ms)  (pid 55798)
Compiled jquery.js  (4ms)  (pid 55798)
Compiled jquery_ujs.js  (3ms)  (pid 55798)
Compiled accounts.js  (421ms)  (pid 55798)
Compiled admins.js  (513ms)  (pid 55798)
Compiled bootstrap.js  (353ms)  (pid 55798)
Compiled tabs.js  (374ms)  (pid 55798)
Compiled templates.js  (328ms)  (pid 55798)
Compiled wizard.js  (331ms)  (pid 55798)
Compiled application.js  (2655ms)  (pid 55798)
Compiled accounts.css  (18ms)  (pid 55798)
Compiled admins.css  (2ms)  (pid 55798)
Compiled application.css  (3912ms)  (pid 55798)
Compiled bootstrap_and_overrides.css  (1530ms)  (pid 55798)
Compiled scaffolds.css  (22ms)  (pid 55798)
Compiled tabs.css  (5ms)  (pid 55798)
Compiled templates.css  (6ms)  (pid 55798)
Compiled wizard.css  (20ms)  (pid 55798)
Compiled application.css  (5661ms)  (pid 55798)
